proguard/seeds.txt
edu.cmu.jjpatel.itemtracker.BootReceiver
edu.cmu.jjpatel.itemtracker.BootReceiver: BootReceiver()
edu.cmu.jjpatel.itemtracker.DatabaseHelper
edu.cmu.jjpatel.itemtracker.DatabaseHelper: void addItem(edu.cmu.jjpatel.itemtracker.Item)
edu.cmu.jjpatel.itemtracker.ItemUpdateService
edu.cmu.jjpatel.itemtracker.ItemUpdateService: ItemUpdateService()
edu.cmu.jjpatel.itemtracker.ItemsArrayAdapter
edu.cmu.jjpatel.itemtracker.ItemsMaster
edu.cmu.jjpatel.itemtracker.ItemsMaster: ItemsMaster()
edu.cmu.jjpatel.itemtracker.ItemsMaster: void addItem(android.view.View)
edu.cmu.jjpatel.itemtracker.R$array: int notificationBefore
edu.cmu.jjpatel.itemtracker.R$array: int notificationBeforeValues
edu.cmu.jjpatel.itemtracker.R$dimen: int activity_horizontal_margin
edu.cmu.jjpatel.itemtracker.R$dimen: int activity_vertical_margin
edu.cmu.jjpatel.itemtracker.R$drawable: int ic_action_remove
edu.cmu.jjpatel.itemtracker.R$drawable: int ic_cab_done_holo
edu.cmu.jjpatel.itemtracker.R$drawable: int ic_cab_done_holo_light
edu.cmu.jjpatel.itemtracker.R$drawable: int ic_input_add
edu.cmu.jjpatel.itemtracker.R$drawable: int ic_launcher
edu.cmu.jjpatel.itemtracker.R$id: int RelativeLayout01
edu.cmu.jjpatel.itemtracker.R$id: int action_addnew
edu.cmu.jjpatel.itemtracker.R$id: int action_items
edu.cmu.jjpatel.itemtracker.R$id: int action_reminder
edu.cmu.jjpatel.itemtracker.R$id: int action_settings
edu.cmu.jjpatel.itemtracker.R$id: int btnAdd
edu.cmu.jjpatel.itemtracker.R$id: int btnCancel
edu.cmu.jjpatel.itemtracker.R$id: int btnSaveItem
edu.cmu.jjpatel.itemtracker.R$id: int dpBuyDate
edu.cmu.jjpatel.itemtracker.R$id: int itemDaysLeft
edu.cmu.jjpatel.itemtracker.R$id: int itemName
edu.cmu.jjpatel.itemtracker.R$id: int itemRemindDays
edu.cmu.jjpatel.itemtracker.R$id: int itemsListview
edu.cmu.jjpatel.itemtracker.R$id: int listLater
edu.cmu.jjpatel.itemtracker.R$id: int listThisWeek
edu.cmu.jjpatel.itemtracker.R$id: int listToday
edu.cmu.jjpatel.itemtracker.R$id: int rlReminderItems
edu.cmu.jjpatel.itemtracker.R$id: int textView1
edu.cmu.jjpatel.itemtracker.R$id: int textView2
edu.cmu.jjpatel.itemtracker.R$id: int txtLater
edu.cmu.jjpatel.itemtracker.R$id: int txtName
edu.cmu.jjpatel.itemtracker.R$id: int txtQuantity
edu.cmu.jjpatel.itemtracker.R$id: int txtRemindInDays
edu.cmu.jjpatel.itemtracker.R$id: int txtThisWeek
edu.cmu.jjpatel.itemtracker.R$id: int txtToday
edu.cmu.jjpatel.itemtracker.R$layout: int activity_items_master
edu.cmu.jjpatel.itemtracker.R$layout: int activity_reminder
edu.cmu.jjpatel.itemtracker.R$layout: int activity_settings
edu.cmu.jjpatel.itemtracker.R$layout: int add_new_item
edu.cmu.jjpatel.itemtracker.R$layout: int edit_shopping_details
edu.cmu.jjpatel.itemtracker.R$layout: int items_row_layout
edu.cmu.jjpatel.itemtracker.R$layout: int reminder_items_row_layout
edu.cmu.jjpatel.itemtracker.R$menu: int items_master
edu.cmu.jjpatel.itemtracker.R$menu: int reminder
edu.cmu.jjpatel.itemtracker.R$menu: int settings
...
android.support.v4.content.FileProvider
android.support.v4.content.ModernAsyncTask$Status: android.support.v4.content.ModernAsyncTask$Status[] values()
android.support.v4.content.ModernAsyncTask$Status: android.support.v4.content.ModernAsyncTask$Status valueOf(java.lang.String)
android.support.v4.content.WakefulBroadcastReceiver
android.support.v4.view.PagerTabStrip: void setTabIndicatorColor(int)
android.support.v4.view.PagerTabStrip: void setTabIndicatorColorResource(int)
android.support.v4.view.PagerTabStrip: int getTabIndicatorColor()
android.support.v4.view.PagerTabStrip: void setTextSpacing(int)
android.support.v4.view.PagerTabStrip: void setBackgroundDrawable(android.graphics.drawable.Drawable)
android.support.v4.view.PagerTabStrip: void setBackgroundColor(int)
android.support.v4.view.PagerTabStrip: void setBackgroundResource(int)
android.support.v4.view.PagerTabStrip: void setDrawFullUnderline(boolean)
android.support.v4.view.PagerTabStrip: boolean getDrawFullUnderline()
android.support.v4.view.PagerTabStrip: int getMinHeight()
android.support.v4.view.PagerTitleStrip: void setSingleLineAllCaps(android.widget.TextView)
android.support.v4.view.PagerTitleStrip: void setTextSpacing(int)
android.support.v4.view.PagerTitleStrip: int getTextSpacing()
android.support.v4.view.PagerTitleStrip: void setNonPrimaryAlpha(float)
android.support.v4.view.PagerTitleStrip: void setTextColor(int)
android.support.v4.view.PagerTitleStrip: void setGravity(int)
android.support.v4.view.PagerTitleStrip: int getMinHeight()
android.support.v4.view.ViewPager: void setScrollState(int)
android.support.v4.view.ViewPager: void setAdapter(android.support.v4.view.PagerAdapter)
android.support.v4.view.ViewPager: android.support.v4.view.PagerAdapter getAdapter()
android.support.v4.view.ViewPager: void setOnAdapterChangeListener(android.support.v4.view.ViewPager$OnAdapterChangeListener)
android.support.v4.view.ViewPager: int getClientWidth()
android.support.v4.view.ViewPager: void setCurrentItem(int)
android.support.v4.view.ViewPager: int getCurrentItem()
android.support.v4.view.ViewPager: void setOnPageChangeListener(android.support.v4.view.ViewPager$OnPageChangeListener)
android.support.v4.view.ViewPager: void setChildrenDrawingOrderEnabledCompat(boolean)
android.support.v4.view.ViewPager: int getOffscreenPageLimit()
android.support.v4.view.ViewPager: void setOffscreenPageLimit(int)
android.support.v4.view.ViewPager: void setPageMargin(int)
android.support.v4.view.ViewPager: int getPageMargin()
android.support.v4.view.ViewPager: void setPageMarginDrawable(android.graphics.drawable.Drawable)
android.support.v4.view.ViewPager: void setPageMarginDrawable(int)
android.support.v4.view.ViewPager: void setScrollingCacheEnabled(boolean)
android.support.v4.view.ViewPager$SavedState
android.support.v4.view.ViewPager$SavedState: android.os.Parcelable$Creator CREATOR
android.support.v4.widget.DrawerLayout: void setScrimColor(int)
android.support.v4.widget.DrawerLayout: void setDrawerListener(android.support.v4.widget.DrawerLayout$DrawerListener)
android.support.v4.widget.DrawerLayout: void setDrawerLockMode(int)
android.support.v4.widget.DrawerLayout$SavedState
android.support.v4.widget.DrawerLayout$SavedState: android.os.Parcelable$Creator CREATOR