proguard/usage.txt
edu.cmu.jjpatel.itemtracker.BuildConfig
edu.cmu.jjpatel.itemtracker.DatabaseHelper:
    private static final java.lang.String DATABASE_NAME
    private static final int DATABASE_VERSION
    private static final java.lang.String ITEM_TABLE
    private static final java.lang.String DATABASE_CREATE
    70:90:edu.cmu.jjpatel.itemtracker.Item getItem(int)
edu.cmu.jjpatel.itemtracker.Item:
    17:20:public Item(int,java.lang.String)
    21:25:public Item(int,java.lang.String,int)
edu.cmu.jjpatel.itemtracker.R
edu.cmu.jjpatel.itemtracker.R$array
edu.cmu.jjpatel.itemtracker.R$attr
edu.cmu.jjpatel.itemtracker.R$dimen
edu.cmu.jjpatel.itemtracker.R$drawable
edu.cmu.jjpatel.itemtracker.R$id
edu.cmu.jjpatel.itemtracker.R$layout
edu.cmu.jjpatel.itemtracker.R$menu
edu.cmu.jjpatel.itemtracker.R$string
edu.cmu.jjpatel.itemtracker.R$style
edu.cmu.jjpatel.itemtracker.R$xml
edu.cmu.jjpatel.itemtracker.Util:
    public static final java.lang.String PREFS_NAME
    20:20:public Util()
...
android.support.v4.widget.SearchViewCompat$SearchViewCompatIcsImpl
android.support.v4.widget.SearchViewCompat$SearchViewCompatImpl
android.support.v4.widget.SearchViewCompat$SearchViewCompatStubImpl
android.support.v4.widget.SearchViewCompatHoneycomb
android.support.v4.widget.SearchViewCompatHoneycomb$1
android.support.v4.widget.SearchViewCompatHoneycomb$2
android.support.v4.widget.SearchViewCompatHoneycomb$OnCloseListenerCompatBridge
android.support.v4.widget.SearchViewCompatHoneycomb$OnQueryTextListenerCompatBridge
android.support.v4.widget.SearchViewCompatIcs
android.support.v4.widget.SearchViewCompatIcs$MySearchView
android.support.v4.widget.SimpleCursorAdapter
android.support.v4.widget.SimpleCursorAdapter$CursorToStringConverter
android.support.v4.widget.SimpleCursorAdapter$ViewBinder
android.support.v4.widget.SlidingPaneLayout:
    private static final java.lang.String TAG
    private static final int DEFAULT_OVERHANG_SIZE
    private static final int DEFAULT_FADE_COLOR
    private static final int MIN_FLING_VELOCITY
    244:245:public SlidingPaneLayout(android.content.Context)
    248:249:public SlidingPaneLayout(android.content.Context,android.util.AttributeSet)
    252:267:public SlidingPaneLayout(android.content.Context,android.util.AttributeSet,int)
    328:331:void dispatchOnPanelSlide(android.view.View)
    334:338:void dispatchOnPanelOpened(android.view.View)
    341:345:void dispatchOnPanelClosed(android.view.View)
    848:849:public void smoothSlideOpen()
    866:867:public void smoothSlideClosed()
    895:895:public boolean canSlide()
    909:922:private void onPanelDragged(int)
    1103:1122:protected boolean canScroll(android.view.View,boolean,int,int,int)
    88:88:static synthetic boolean access$100(android.support.v4.widget.SlidingPaneLayout)
    88:88:static synthetic android.support.v4.widget.ViewDragHelper access$200(android.support.v4.widget.SlidingPaneLayout)
    88:88:static synthetic float access$300(android.support.v4.widget.SlidingPaneLayout)
    88:88:static synthetic android.view.View access$400(android.support.v4.widget.SlidingPaneLayout)
    88:88:static synthetic boolean access$502(android.support.v4.widget.SlidingPaneLayout,boolean)
android.support.v4.widget.SlidingPaneLayout$AccessibilityDelegate
android.support.v4.widget.SlidingPaneLayout$DragHelperCallback
android.support.v4.widget.SlidingPaneLayout$LayoutParams:
    1277:1278:public SlidingPaneLayout$LayoutParams(int,int)
    1289:1291:public SlidingPaneLayout$LayoutParams(android.support.v4.widget.SlidingPaneLayout$LayoutParams)
android.support.v4.widget.SlidingPaneLayout$PanelSlideListener:
    public abstract void onPanelSlide(android.view.View,float)
    public abstract void onPanelOpened(android.view.View)
    public abstract void onPanelClosed(android.view.View)
android.support.v4.widget.SlidingPaneLayout$SimplePanelSlideListener